2024-04-17T01:23:44+00:00 CRITICAL Uncaught Error: Call to undefined method WP_Textdomain_Registry::reset() in D:\FPT\Agriculture-website\webdemo\well-known\wp-content\plugins\wpml-string-translation\classes\MO\Hooks\LanguageSwitch.php:139
Stack trace:
#0 D:\FPT\Agriculture-website\webdemo\well-known\wp-content\plugins\wpml-string-translation\classes\MO\Hooks\LanguageSwitch.php(119): WPML\ST\MO\Hooks\LanguageSwitch->resetTranslationAvailabilityInformation()
#1 D:\FPT\Agriculture-website\webdemo\well-known\wp-content\plugins\wpml-string-translation\classes\MO\Hooks\LanguageSwitch.php(73): WPML\ST\MO\Hooks\LanguageSwitch->changeMoObjects()
#2 D:\FPT\Agriculture-website\webdemo\well-known\wp-content\plugins\wpml-string-translation\classes\MO\Hooks\LanguageSwitch.php(48): WPML\ST\MO\Hooks\LanguageSwitch->switchToLocale()
#3 D:\FPT\Agriculture-website\webdemo\well-known\wp-includes\class-wp-hook.php(326): WPML\ST\MO\Hooks\LanguageSwitch->languageHasSwitched()
#4 D:\FPT\Agriculture-website\webdemo\well-known\wp-includes\class-wp-hook.php(348): WP_Ho in D:\FPT\Agriculture-website\webdemo\well-known\wp-content\plugins\wpml-string-translation\classes\MO\Hooks\LanguageSwitch.php on line 139

2024-04-17T02:43:01+00:00 CRITICAL Uncaught Error: Object of class WP_Term could not be converted to string in D:\FPT\Agriculture-website\webdemo\well-known\wp-content\themes\tinhdev\src\components\ArchiveProduct.php:96
Stack trace:
#0 D:\FPT\Agriculture-website\webdemo\well-known\wp-content\themes\tinhdev\functions.php(89): TinhDev\components\ArchiveProduct::render()
#1 D:\FPT\Agriculture-website\webdemo\well-known\wp-includes\class-wp-hook.php(324): archive_components()
#2 D:\FPT\Agriculture-website\webdemo\well-known\wp-includes\class-wp-hook.php(348): WP_Hook->apply_filters()
#3 D:\FPT\Agriculture-website\webdemo\well-known\wp-includes\plugin.php(517): WP_Hook->do_action()
#4 D:\FPT\Agriculture-website\webdemo\well-known\wp-content\themes\genesis\lib\framework.php(66): do_action()
#5 D:\FPT\Agriculture-website\webdemo\well-known\wp-content\themes\tinhdev\archive-product.php(3): genesis()
#6 D:\FPT\Agriculture-website\webdemo\well-known\wp-content\plugins\woocommerce\includes\wc-core-functions.php(345): include('D:\\FPT\\Agricult...')
#7 D: in D:\FPT\Agriculture-website\webdemo\well-known\wp-content\themes\tinhdev\src\components\ArchiveProduct.php on line 96

2024-04-17T03:20:25+00:00 CRITICAL Maximum execution time of 30 seconds exceeded in D:\FPT\Agriculture-website\webdemo\well-known\wp-content\plugins\woocommerce\packages\woocommerce-blocks\src\BlockTypes\ReviewsByCategory.php on line 44

2024-04-17T15:15:32+00:00 CRITICAL Uncaught Error: Call to undefined function is_blog() in D:\FPT\Agriculture-website\webdemo\well-known\wp-content\themes\tinhdev\functions.php:70
Stack trace:
#0 D:\FPT\Agriculture-website\webdemo\well-known\wp-includes\class-wp-hook.php(324): blog_components()
#1 D:\FPT\Agriculture-website\webdemo\well-known\wp-includes\class-wp-hook.php(348): WP_Hook->apply_filters()
#2 D:\FPT\Agriculture-website\webdemo\well-known\wp-includes\plugin.php(517): WP_Hook->do_action()
#3 D:\FPT\Agriculture-website\webdemo\well-known\wp-content\themes\genesis\lib\framework.php(66): do_action()
#4 D:\FPT\Agriculture-website\webdemo\well-known\wp-content\themes\tinhdev\archive-product.php(3): genesis()
#5 D:\FPT\Agriculture-website\webdemo\well-known\wp-includes\template-loader.php(106): include('D:\\FPT\\Agricult...')
#6 D:\FPT\Agriculture-website\webdemo\well-known\wp-blog-header.php(19): require_once('D:\\FPT\\Agricult...')
#7 D:\FPT\Agriculture-website\webdemo\well-known\index.php(17): require('D:\\FPT\\Agricult...')
#8 {main}
 in D:\FPT\Agriculture-website\webdemo\well-known\wp-content\themes\tinhdev\functions.php on line 70

2024-04-17T15:16:06+00:00 CRITICAL Uncaught Error: Call to undefined function is_blog() in D:\FPT\Agriculture-website\webdemo\well-known\wp-content\themes\tinhdev\functions.php:70
Stack trace:
#0 D:\FPT\Agriculture-website\webdemo\well-known\wp-includes\class-wp-hook.php(324): blog_components()
#1 D:\FPT\Agriculture-website\webdemo\well-known\wp-includes\class-wp-hook.php(348): WP_Hook->apply_filters()
#2 D:\FPT\Agriculture-website\webdemo\well-known\wp-includes\plugin.php(517): WP_Hook->do_action()
#3 D:\FPT\Agriculture-website\webdemo\well-known\wp-content\themes\genesis\lib\framework.php(66): do_action()
#4 D:\FPT\Agriculture-website\webdemo\well-known\wp-content\themes\genesis\index.php(15): genesis()
#5 D:\FPT\Agriculture-website\webdemo\well-known\wp-includes\template-loader.php(106): include('D:\\FPT\\Agricult...')
#6 D:\FPT\Agriculture-website\webdemo\well-known\wp-blog-header.php(19): require_once('D:\\FPT\\Agricult...')
#7 D:\FPT\Agriculture-website\webdemo\well-known\index.php(17): require('D:\\FPT\\Agricult...')
#8 {main}
  thrown in D:\FPT\Agriculture-website\webdemo\well-known\wp-content\themes\tinhdev\functions.php on line 70

2024-04-17T18:28:35+00:00 CRITICAL Maximum execution time of 30 seconds exceeded in D:\FPT\Agriculture-website\webdemo\well-known\wp-includes\functions.php on line 6805

